Analysis & Synthesis report for processor
Thu Apr  3 00:05:19 2025
Quartus Prime Version 24.1std.0 Build 1077 03/04/2025 SC Lite Edition


---------------------
; Table of Contents ;
---------------------
  1. Legal Notice
  2. Analysis & Synthesis Summary
  3. Analysis & Synthesis Settings
  4. Parallel Compilation
  5. Analysis & Synthesis Source Files Read
  6. Analysis & Synthesis Resource Usage Summary
  7. Analysis & Synthesis Resource Utilization by Entity
  8. Registers Removed During Synthesis
  9. General Register Statistics
 10. Parameter Settings for User Entity Instance: datapath:DAPATATH|memory:Memory
 11. Parameter Settings for User Entity Instance: datapath:DAPATATH|register_file:RegisterFile
 12. Parameter Settings for User Entity Instance: datapath:DAPATATH|ALU:ALU
 13. Port Connectivity Checks: "reg_LED:REGLED"
 14. Port Connectivity Checks: "IR:InstructionRegister"
 15. Post-Synthesis Netlist Statistics for Top Partition
 16. Elapsed Time Per Partition
 17. Analysis & Synthesis Messages
 18. Analysis & Synthesis Suppressed Messages



----------------
; Legal Notice ;
----------------
Copyright (C) 2025  Altera Corporation. All rights reserved.
Your use of Altera Corporation's design tools, logic functions 
and other software and tools, and any partner logic 
functions, and any output files from any of the foregoing 
(including device programming or simulation files), and any 
associated documentation or information are expressly subject 
to the terms and conditions of the Altera Program License 
Subscription Agreement, the Altera Quartus Prime License Agreement,
the Altera IP License Agreement, or other applicable license
agreement, including, without limitation, that your use is for
the sole purpose of programming logic devices manufactured by
Altera and sold by Altera or its authorized distributors.  Please
refer to the Altera Software License Subscription Agreements 
on the Quartus Prime software download page.



+--------------------------------------------------------------------------------------+
; Analysis & Synthesis Summary                                                         ;
+------------------------------------+-------------------------------------------------+
; Analysis & Synthesis Status        ; Successful - Thu Apr  3 00:05:19 2025           ;
; Quartus Prime Version              ; 24.1std.0 Build 1077 03/04/2025 SC Lite Edition ;
; Revision Name                      ; processor                                       ;
; Top-level Entity Name              ; processor                                       ;
; Family                             ; MAX 10                                          ;
; Total logic elements               ; 56                                              ;
;     Total combinational functions  ; 26                                              ;
;     Dedicated logic registers      ; 56                                              ;
; Total registers                    ; 56                                              ;
; Total pins                         ; 65                                              ;
; Total virtual pins                 ; 0                                               ;
; Total memory bits                  ; 0                                               ;
; Embedded Multiplier 9-bit elements ; 0                                               ;
; Total PLLs                         ; 0                                               ;
; UFM blocks                         ; 0                                               ;
; ADC blocks                         ; 0                                               ;
+------------------------------------+-------------------------------------------------+


+------------------------------------------------------------------------------------------------------------+
; Analysis & Synthesis Settings                                                                              ;
+------------------------------------------------------------------+--------------------+--------------------+
; Option                                                           ; Setting            ; Default Value      ;
+------------------------------------------------------------------+--------------------+--------------------+
; Device                                                           ; 10M50DAF484C7G     ;                    ;
; Top-level entity name                                            ; processor          ; processor          ;
; Family name                                                      ; MAX 10             ; Cyclone V          ;
; Use smart compilation                                            ; Off                ; Off                ;
; Enable parallel Assembler and Timing Analyzer during compilation ; On                 ; On                 ;
; Enable compact report table                                      ; Off                ; Off                ;
; Restructure Multiplexers                                         ; Auto               ; Auto               ;
; Create Debugging Nodes for IP Cores                              ; Off                ; Off                ;
; Preserve fewer node names                                        ; On                 ; On                 ;
; Intel FPGA IP Evaluation Mode                                    ; Enable             ; Enable             ;
; Verilog Version                                                  ; Verilog_2001       ; Verilog_2001       ;
; VHDL Version                                                     ; VHDL_1993          ; VHDL_1993          ;
; State Machine Processing                                         ; Auto               ; Auto               ;
; Safe State Machine                                               ; Off                ; Off                ;
; Extract Verilog State Machines                                   ; On                 ; On                 ;
; Extract VHDL State Machines                                      ; On                 ; On                 ;
; Ignore Verilog initial constructs                                ; Off                ; Off                ;
; Iteration limit for constant Verilog loops                       ; 5000               ; 5000               ;
; Iteration limit for non-constant Verilog loops                   ; 250                ; 250                ;
; Add Pass-Through Logic to Inferred RAMs                          ; On                 ; On                 ;
; Infer RAMs from Raw Logic                                        ; On                 ; On                 ;
; Parallel Synthesis                                               ; On                 ; On                 ;
; DSP Block Balancing                                              ; Auto               ; Auto               ;
; NOT Gate Push-Back                                               ; On                 ; On                 ;
; Power-Up Don't Care                                              ; On                 ; On                 ;
; Remove Redundant Logic Cells                                     ; Off                ; Off                ;
; Remove Duplicate Registers                                       ; On                 ; On                 ;
; Ignore CARRY Buffers                                             ; Off                ; Off                ;
; Ignore CASCADE Buffers                                           ; Off                ; Off                ;
; Ignore GLOBAL Buffers                                            ; Off                ; Off                ;
; Ignore ROW GLOBAL Buffers                                        ; Off                ; Off                ;
; Ignore LCELL Buffers                                             ; Off                ; Off                ;
; Ignore SOFT Buffers                                              ; On                 ; On                 ;
; Limit AHDL Integers to 32 Bits                                   ; Off                ; Off                ;
; Optimization Technique                                           ; Balanced           ; Balanced           ;
; Carry Chain Length                                               ; 70                 ; 70                 ;
; Auto Carry Chains                                                ; On                 ; On                 ;
; Auto Open-Drain Pins                                             ; On                 ; On                 ;
; Perform WYSIWYG Primitive Resynthesis                            ; Off                ; Off                ;
; Auto ROM Replacement                                             ; On                 ; On                 ;
; Auto RAM Replacement                                             ; On                 ; On                 ;
; Auto DSP Block Replacement                                       ; On                 ; On                 ;
; Auto Shift Register Replacement                                  ; Auto               ; Auto               ;
; Allow Shift Register Merging across Hierarchies                  ; Auto               ; Auto               ;
; Auto Clock Enable Replacement                                    ; On                 ; On                 ;
; Strict RAM Replacement                                           ; Off                ; Off                ;
; Allow Synchronous Control Signals                                ; On                 ; On                 ;
; Force Use of Synchronous Clear Signals                           ; Off                ; Off                ;
; Auto RAM Block Balancing                                         ; On                 ; On                 ;
; Auto RAM to Logic Cell Conversion                                ; Off                ; Off                ;
; Auto Resource Sharing                                            ; Off                ; Off                ;
; Allow Any RAM Size For Recognition                               ; Off                ; Off                ;
; Allow Any ROM Size For Recognition                               ; Off                ; Off                ;
; Allow Any Shift Register Size For Recognition                    ; Off                ; Off                ;
; Use LogicLock Constraints during Resource Balancing              ; On                 ; On                 ;
; Ignore translate_off and synthesis_off directives                ; Off                ; Off                ;
; Timing-Driven Synthesis                                          ; On                 ; On                 ;
; Report Parameter Settings                                        ; On                 ; On                 ;
; Report Source Assignments                                        ; On                 ; On                 ;
; Report Connectivity Checks                                       ; On                 ; On                 ;
; Ignore Maximum Fan-Out Assignments                               ; Off                ; Off                ;
; Synchronization Register Chain Length                            ; 2                  ; 2                  ;
; Power Optimization During Synthesis                              ; Normal compilation ; Normal compilation ;
; HDL message level                                                ; Level2             ; Level2             ;
; Suppress Register Optimization Related Messages                  ; Off                ; Off                ;
; Number of Removed Registers Reported in Synthesis Report         ; 5000               ; 5000               ;
; Number of Swept Nodes Reported in Synthesis Report               ; 5000               ; 5000               ;
; Number of Inverted Registers Reported in Synthesis Report        ; 100                ; 100                ;
; Clock MUX Protection                                             ; On                 ; On                 ;
; Auto Gated Clock Conversion                                      ; Off                ; Off                ;
; Block Design Naming                                              ; Auto               ; Auto               ;
; SDC constraint protection                                        ; Off                ; Off                ;
; Synthesis Effort                                                 ; Auto               ; Auto               ;
; Shift Register Replacement - Allow Asynchronous Clear Signal     ; On                 ; On                 ;
; Pre-Mapping Resynthesis Optimization                             ; Off                ; Off                ;
; Analysis & Synthesis Message Level                               ; Medium             ; Medium             ;
; Disable Register Merging Across Hierarchies                      ; Auto               ; Auto               ;
; Resource Aware Inference For Block RAM                           ; On                 ; On                 ;
+------------------------------------------------------------------+--------------------+--------------------+


+------------------------------------------+
; Parallel Compilation                     ;
+----------------------------+-------------+
; Processors                 ; Number      ;
+----------------------------+-------------+
; Number detected on machine ; 20          ;
; Maximum allowed            ; 14          ;
;                            ;             ;
; Average used               ; 1.00        ;
; Maximum used               ; 14          ;
;                            ;             ;
; Usage by Processor         ; % Time Used ;
;     Processor 1            ; 100.0%      ;
;     Processors 2-14        ;   0.0%      ;
+----------------------------+-------------+


+----------------------------------------------------------------------------------------------------------------------------------------------+
; Analysis & Synthesis Source Files Read                                                                                                       ;
+----------------------------------+-----------------+------------------------+------------------------------------------------------+---------+
; File Name with User-Entered Path ; Used in Netlist ; File Type              ; File Name with Absolute Path                         ; Library ;
+----------------------------------+-----------------+------------------------+------------------------------------------------------+---------+
; processor.v                      ; yes             ; User Verilog HDL File  ; C:/Projects/DE10-Lite-Projects/SimProcV2/processor.v ;         ;
+----------------------------------+-----------------+------------------------+------------------------------------------------------+---------+


+--------------------------------------------------------------+
; Analysis & Synthesis Resource Usage Summary                  ;
+---------------------------------------------+----------------+
; Resource                                    ; Usage          ;
+---------------------------------------------+----------------+
; Estimated Total logic elements              ; 56             ;
;                                             ;                ;
; Total combinational functions               ; 26             ;
; Logic element usage by number of LUT inputs ;                ;
;     -- 4 input functions                    ; 21             ;
;     -- 3 input functions                    ; 0              ;
;     -- <=2 input functions                  ; 5              ;
;                                             ;                ;
; Logic elements by mode                      ;                ;
;     -- normal mode                          ; 26             ;
;     -- arithmetic mode                      ; 0              ;
;                                             ;                ;
; Total registers                             ; 56             ;
;     -- Dedicated logic registers            ; 56             ;
;     -- I/O registers                        ; 0              ;
;                                             ;                ;
; I/O pins                                    ; 65             ;
;                                             ;                ;
; Embedded Multiplier 9-bit elements          ; 0              ;
;                                             ;                ;
; Maximum fan-out node                        ; CLOCK_50~input ;
; Maximum fan-out                             ; 56             ;
; Total fan-out                               ; 325            ;
; Average fan-out                             ; 1.53           ;
+---------------------------------------------+----------------+


+---------------------------------------------------------------------------------------------------------------------------------------------------------------------------------------------------------------------------------------------------+
; Analysis & Synthesis Resource Utilization by Entity                                                                                                                                                                                               ;
+-----------------------------+---------------------+---------------------------+-------------+------------+--------------+---------+-----------+------+--------------+------------+-----------------------------------+-------------+--------------+
; Compilation Hierarchy Node  ; Combinational ALUTs ; Dedicated Logic Registers ; Memory Bits ; UFM Blocks ; DSP Elements ; DSP 9x9 ; DSP 18x18 ; Pins ; Virtual Pins ; ADC blocks ; Full Hierarchy Name               ; Entity Name ; Library Name ;
+-----------------------------+---------------------+---------------------------+-------------+------------+--------------+---------+-----------+------+--------------+------------+-----------------------------------+-------------+--------------+
; |processor                  ; 26 (0)              ; 56 (0)                    ; 0           ; 0          ; 0            ; 0       ; 0         ; 65   ; 0            ; 0          ; |processor                        ; processor   ; work         ;
;    |IR:InstructionRegister| ; 0 (0)               ; 8 (8)                     ; 0           ; 0          ; 0            ; 0       ; 0         ; 0    ; 0            ; 0          ; |processor|IR:InstructionRegister ; IR          ; work         ;
;    |reg_HEX:H0|             ; 4 (1)               ; 6 (6)                     ; 0           ; 0          ; 0            ; 0       ; 0         ; 0    ; 0            ; 0          ; |processor|reg_HEX:H0             ; reg_HEX     ; work         ;
;       |hex7seg:SEG|         ; 3 (3)               ; 0 (0)                     ; 0           ; 0          ; 0            ; 0       ; 0         ; 0    ; 0            ; 0          ; |processor|reg_HEX:H0|hex7seg:SEG ; hex7seg     ; work         ;
;    |reg_HEX:H1|             ; 7 (0)               ; 7 (7)                     ; 0           ; 0          ; 0            ; 0       ; 0         ; 0    ; 0            ; 0          ; |processor|reg_HEX:H1             ; reg_HEX     ; work         ;
;       |hex7seg:SEG|         ; 7 (7)               ; 0 (0)                     ; 0           ; 0          ; 0            ; 0       ; 0         ; 0    ; 0            ; 0          ; |processor|reg_HEX:H1|hex7seg:SEG ; hex7seg     ; work         ;
;    |reg_HEX:H2|             ; 0 (0)               ; 7 (7)                     ; 0           ; 0          ; 0            ; 0       ; 0         ; 0    ; 0            ; 0          ; |processor|reg_HEX:H2             ; reg_HEX     ; work         ;
;    |reg_HEX:H3|             ; 1 (1)               ; 4 (4)                     ; 0           ; 0          ; 0            ; 0       ; 0         ; 0    ; 0            ; 0          ; |processor|reg_HEX:H3             ; reg_HEX     ; work         ;
;    |reg_HEX:H4|             ; 7 (0)               ; 7 (7)                     ; 0           ; 0          ; 0            ; 0       ; 0         ; 0    ; 0            ; 0          ; |processor|reg_HEX:H4             ; reg_HEX     ; work         ;
;       |hex7seg:SEG|         ; 7 (7)               ; 0 (0)                     ; 0           ; 0          ; 0            ; 0       ; 0         ; 0    ; 0            ; 0          ; |processor|reg_HEX:H4|hex7seg:SEG ; hex7seg     ; work         ;
;    |reg_HEX:H5|             ; 7 (0)               ; 7 (7)                     ; 0           ; 0          ; 0            ; 0       ; 0         ; 0    ; 0            ; 0          ; |processor|reg_HEX:H5             ; reg_HEX     ; work         ;
;       |hex7seg:SEG|         ; 7 (7)               ; 0 (0)                     ; 0           ; 0          ; 0            ; 0       ; 0         ; 0    ; 0            ; 0          ; |processor|reg_HEX:H5|hex7seg:SEG ; hex7seg     ; work         ;
;    |reg_LED:REGLED|         ; 0 (0)               ; 10 (10)                   ; 0           ; 0          ; 0            ; 0       ; 0         ; 0    ; 0            ; 0          ; |processor|reg_LED:REGLED         ; reg_LED     ; work         ;
+-----------------------------+---------------------+---------------------------+-------------+------------+--------------+---------+-----------+------+--------------+------------+-----------------------------------+-------------+--------------+
Note: For table entries with two numbers listed, the numbers in parentheses indicate the number of resources of the given type used by the specific entity alone. The numbers listed outside of parentheses indicate the total resources of the given type used by the specific entity and all of its sub-entities in the hierarchy.


+--------------------------------------------------------------------------------+
; Registers Removed During Synthesis                                             ;
+---------------------------------------+----------------------------------------+
; Register name                         ; Reason for Removal                     ;
+---------------------------------------+----------------------------------------+
; reg_HEX:H0|display[1]                 ; Stuck at GND due to stuck port data_in ;
; reg_HEX:H3|display[0,4,5]             ; Stuck at GND due to stuck port data_in ;
; Total Number of Removed Registers = 4 ;                                        ;
+---------------------------------------+----------------------------------------+


+------------------------------------------------------+
; General Register Statistics                          ;
+----------------------------------------------+-------+
; Statistic                                    ; Value ;
+----------------------------------------------+-------+
; Total registers                              ; 56    ;
; Number of registers using Synchronous Clear  ; 0     ;
; Number of registers using Synchronous Load   ; 0     ;
; Number of registers using Asynchronous Clear ; 0     ;
; Number of registers using Asynchronous Load  ; 0     ;
; Number of registers using Clock Enable       ; 8     ;
; Number of registers using Preset             ; 0     ;
+----------------------------------------------+-------+


+------------------------------------------------------------------------------+
; Parameter Settings for User Entity Instance: datapath:DAPATATH|memory:Memory ;
+----------------+------------------+------------------------------------------+
; Parameter Name ; Value            ; Type                                     ;
+----------------+------------------+------------------------------------------+
; INIT_FILE      ; machine_code.txt ; String                                   ;
+----------------+------------------+------------------------------------------+
Note: In order to hide this table in the UI and the text report file, please set the "Show Parameter Settings in Synthesis Report" option in "Analysis and Synthesis Settings -> More Settings" to "Off".


+-------------------------------------------------------------------------------------------+
; Parameter Settings for User Entity Instance: datapath:DAPATATH|register_file:RegisterFile ;
+----------------+-------+------------------------------------------------------------------+
; Parameter Name ; Value ; Type                                                             ;
+----------------+-------+------------------------------------------------------------------+
; R0             ; 00    ; Unsigned Binary                                                  ;
; R1             ; 01    ; Unsigned Binary                                                  ;
; R2             ; 10    ; Unsigned Binary                                                  ;
; R3             ; 11    ; Unsigned Binary                                                  ;
+----------------+-------+------------------------------------------------------------------+
Note: In order to hide this table in the UI and the text report file, please set the "Show Parameter Settings in Synthesis Report" option in "Analysis and Synthesis Settings -> More Settings" to "Off".


+------------------------------------------------------------------------+
; Parameter Settings for User Entity Instance: datapath:DAPATATH|ALU:ALU ;
+----------------+-------+-----------------------------------------------+
; Parameter Name ; Value ; Type                                          ;
+----------------+-------+-----------------------------------------------+
; ADD            ; 000   ; Unsigned Binary                               ;
; SUB            ; 001   ; Unsigned Binary                               ;
; OR             ; 010   ; Unsigned Binary                               ;
; NAND           ; 011   ; Unsigned Binary                               ;
; ShiftLeft      ; 100   ; Unsigned Binary                               ;
; ShiftRight     ; 101   ; Unsigned Binary                               ;
+----------------+-------+-----------------------------------------------+
Note: In order to hide this table in the UI and the text report file, please set the "Show Parameter Settings in Synthesis Report" option in "Analysis and Synthesis Settings -> More Settings" to "Off".


+--------------------------------------------+
; Port Connectivity Checks: "reg_LED:REGLED" ;
+------+-------+----------+------------------+
; Port ; Type  ; Severity ; Details          ;
+------+-------+----------+------------------+
; EN   ; Input ; Info     ; Stuck at VCC     ;
+------+-------+----------+------------------+


+------------------------------------------------------------------------------------------------------------------------+
; Port Connectivity Checks: "IR:InstructionRegister"                                                                     ;
+--------------+--------+----------+-------------------------------------------------------------------------------------+
; Port         ; Type   ; Severity ; Details                                                                             ;
+--------------+--------+----------+-------------------------------------------------------------------------------------+
; RA           ; Output ; Info     ; Connected to dangling logic. Logic that only feeds a dangling port will be removed. ;
; RB           ; Output ; Info     ; Connected to dangling logic. Logic that only feeds a dangling port will be removed. ;
; instruction  ; Output ; Info     ; Connected to dangling logic. Logic that only feeds a dangling port will be removed. ;
; Imm5ZE[7..4] ; Output ; Info     ; Connected to dangling logic. Logic that only feeds a dangling port will be removed. ;
; Imm2ZE[7..4] ; Output ; Info     ; Connected to dangling logic. Logic that only feeds a dangling port will be removed. ;
+--------------+--------+----------+-------------------------------------------------------------------------------------+


+-----------------------------------------------------+
; Post-Synthesis Netlist Statistics for Top Partition ;
+-----------------------+-----------------------------+
; Type                  ; Count                       ;
+-----------------------+-----------------------------+
; boundary_port         ; 65                          ;
; cycloneiii_ff         ; 56                          ;
;     ENA               ; 8                           ;
;     plain             ; 48                          ;
; cycloneiii_lcell_comb ; 27                          ;
;     normal            ; 27                          ;
;         0 data inputs ; 1                           ;
;         1 data inputs ; 2                           ;
;         2 data inputs ; 3                           ;
;         4 data inputs ; 21                          ;
;                       ;                             ;
; Max LUT depth         ; 1.00                        ;
; Average LUT depth     ; 0.36                        ;
+-----------------------+-----------------------------+


+-------------------------------+
; Elapsed Time Per Partition    ;
+----------------+--------------+
; Partition Name ; Elapsed Time ;
+----------------+--------------+
; Top            ; 00:00:00     ;
+----------------+--------------+


+-------------------------------+
; Analysis & Synthesis Messages ;
+-------------------------------+
Info: *******************************************************************
Info: Running Quartus Prime Analysis & Synthesis
    Info: Version 24.1std.0 Build 1077 03/04/2025 SC Lite Edition
    Info: Processing started: Thu Apr  3 00:05:13 2025
Info: Command: quartus_map --read_settings_files=on --write_settings_files=off processor -c processor
Warning (18236): Number of processors has not been specified which may cause overloading on shared machines.  Set the global assignment NUM_PARALLEL_PROCESSORS in your QSF to an appropriate value for best performance.
Info (20030): Parallel compilation is enabled and will use 14 of the 14 processors detected
Info (12021): Found 11 design units, including 11 entities, in source file processor.v
    Info (12023): Found entity 1: processor File: C:/Projects/DE10-Lite-Projects/SimProcV2/processor.v Line: 1
    Info (12023): Found entity 2: datapath File: C:/Projects/DE10-Lite-Projects/SimProcV2/processor.v Line: 73
    Info (12023): Found entity 3: FSM File: C:/Projects/DE10-Lite-Projects/SimProcV2/processor.v Line: 276
    Info (12023): Found entity 4: memory File: C:/Projects/DE10-Lite-Projects/SimProcV2/processor.v Line: 451
    Info (12023): Found entity 5: register_file File: C:/Projects/DE10-Lite-Projects/SimProcV2/processor.v Line: 485
    Info (12023): Found entity 6: PC File: C:/Projects/DE10-Lite-Projects/SimProcV2/processor.v Line: 535
    Info (12023): Found entity 7: IR File: C:/Projects/DE10-Lite-Projects/SimProcV2/processor.v Line: 553
    Info (12023): Found entity 8: ALU File: C:/Projects/DE10-Lite-Projects/SimProcV2/processor.v Line: 588
    Info (12023): Found entity 9: reg_LED File: C:/Projects/DE10-Lite-Projects/SimProcV2/processor.v Line: 614
    Info (12023): Found entity 10: reg_HEX File: C:/Projects/DE10-Lite-Projects/SimProcV2/processor.v Line: 623
    Info (12023): Found entity 11: hex7seg File: C:/Projects/DE10-Lite-Projects/SimProcV2/processor.v Line: 634
Warning (10236): Verilog HDL Implicit Net warning at processor.v(59): created implicit net for "enable" File: C:/Projects/DE10-Lite-Projects/SimProcV2/processor.v Line: 59
Info (12127): Elaborating entity "processor" for the top level hierarchy
Info (12128): Elaborating entity "IR" for hierarchy "IR:InstructionRegister" File: C:/Projects/DE10-Lite-Projects/SimProcV2/processor.v Line: 52
Warning (10034): Output port "instruction" at processor.v(560) has no driver File: C:/Projects/DE10-Lite-Projects/SimProcV2/processor.v Line: 560
Info (12128): Elaborating entity "datapath" for hierarchy "datapath:DAPATATH" File: C:/Projects/DE10-Lite-Projects/SimProcV2/processor.v Line: 54
Info (12128): Elaborating entity "PC" for hierarchy "datapath:DAPATATH|PC:ProgramCounter" File: C:/Projects/DE10-Lite-Projects/SimProcV2/processor.v Line: 128
Info (12128): Elaborating entity "memory" for hierarchy "datapath:DAPATATH|memory:Memory" File: C:/Projects/DE10-Lite-Projects/SimProcV2/processor.v Line: 148
Warning (10850): Verilog HDL warning at processor.v(469): number of words (5) in memory file does not match the number of elements in the address range [0:255] File: C:/Projects/DE10-Lite-Projects/SimProcV2/processor.v Line: 469
Info (10648): Verilog HDL Display System Task info at processor.v(471): mem[0] = 00010100 File: C:/Projects/DE10-Lite-Projects/SimProcV2/processor.v Line: 471
Info (10648): Verilog HDL Display System Task info at processor.v(471): mem[1] = 10110110 File: C:/Projects/DE10-Lite-Projects/SimProcV2/processor.v Line: 471
Info (10648): Verilog HDL Display System Task info at processor.v(471): mem[2] = 11111000 File: C:/Projects/DE10-Lite-Projects/SimProcV2/processor.v Line: 471
Info (10648): Verilog HDL Display System Task info at processor.v(471): mem[3] = 00000110 File: C:/Projects/DE10-Lite-Projects/SimProcV2/processor.v Line: 471
Info (12128): Elaborating entity "register_file" for hierarchy "datapath:DAPATATH|register_file:RegisterFile" File: C:/Projects/DE10-Lite-Projects/SimProcV2/processor.v Line: 197
Info (12128): Elaborating entity "ALU" for hierarchy "datapath:DAPATATH|ALU:ALU" File: C:/Projects/DE10-Lite-Projects/SimProcV2/processor.v Line: 251
Info (12128): Elaborating entity "reg_LED" for hierarchy "reg_LED:REGLED" File: C:/Projects/DE10-Lite-Projects/SimProcV2/processor.v Line: 61
Info (12128): Elaborating entity "reg_HEX" for hierarchy "reg_HEX:H5" File: C:/Projects/DE10-Lite-Projects/SimProcV2/processor.v Line: 63
Info (12128): Elaborating entity "hex7seg" for hierarchy "reg_HEX:H5|hex7seg:SEG" File: C:/Projects/DE10-Lite-Projects/SimProcV2/processor.v Line: 625
Warning (13024): Output pins are stuck at VCC or GND
    Warning (13410): Pin "HEX3[0]" is stuck at GND File: C:/Projects/DE10-Lite-Projects/SimProcV2/processor.v Line: 8
    Warning (13410): Pin "HEX3[4]" is stuck at GND File: C:/Projects/DE10-Lite-Projects/SimProcV2/processor.v Line: 8
    Warning (13410): Pin "HEX3[5]" is stuck at GND File: C:/Projects/DE10-Lite-Projects/SimProcV2/processor.v Line: 8
    Warning (13410): Pin "HEX0[1]" is stuck at GND File: C:/Projects/DE10-Lite-Projects/SimProcV2/processor.v Line: 11
Info (286030): Timing-Driven Synthesis is running
Info (144001): Generated suppressed messages file C:/Projects/DE10-Lite-Projects/SimProcV2/output_files/processor.map.smsg
Info (16010): Generating hard_block partition "hard_block:auto_generated_inst"
    Info (16011): Adding 0 node(s), including 0 DDIO, 0 PLL, 0 transceiver and 0 LCELL
Warning (21074): Design contains 1 input pin(s) that do not drive logic
    Warning (15610): No output dependent on input pin "KEY[1]" File: C:/Projects/DE10-Lite-Projects/SimProcV2/processor.v Line: 3
Info (21057): Implemented 129 device resources after synthesis - the final resource count might be different
    Info (21058): Implemented 13 input pins
    Info (21059): Implemented 52 output pins
    Info (21061): Implemented 64 logic cells
Info: Quartus Prime Analysis & Synthesis was successful. 0 errors, 11 warnings
    Info: Peak virtual memory: 4852 megabytes
    Info: Processing ended: Thu Apr  3 00:05:19 2025
    Info: Elapsed time: 00:00:06
    Info: Total CPU time (on all processors): 00:00:14


+------------------------------------------+
; Analysis & Synthesis Suppressed Messages ;
+------------------------------------------+
The suppressed messages can be found in C:/Projects/DE10-Lite-Projects/SimProcV2/output_files/processor.map.smsg.


