Analysis & Synthesis report for top
Fri Mar 28 21:24:05 2025
Quartus Prime Version 24.1std.0 Build 1077 03/04/2025 SC Lite Edition


---------------------
; Table of Contents ;
---------------------
  1. Legal Notice
  2. Analysis & Synthesis Summary
  3. Analysis & Synthesis Settings
  4. Parallel Compilation
  5. Analysis & Synthesis Source Files Read
  6. Analysis & Synthesis Resource Usage Summary
  7. Analysis & Synthesis Resource Utilization by Entity
  8. Registers Removed During Synthesis
  9. Removed Registers Triggering Further Register Optimizations
 10. General Register Statistics
 11. Multiplexer Restructuring Statistics (Restructuring Performed)
 12. Parameter Settings for User Entity Instance: register_file:RF
 13. Port Connectivity Checks: "reg_LED:REGLED"
 14. Port Connectivity Checks: "register_file:RF"
 15. Post-Synthesis Netlist Statistics for Top Partition
 16. Elapsed Time Per Partition
 17. Analysis & Synthesis Messages
 18. Analysis & Synthesis Suppressed Messages



----------------
; Legal Notice ;
----------------
Copyright (C) 2025  Altera Corporation. All rights reserved.
Your use of Altera Corporation's design tools, logic functions 
and other software and tools, and any partner logic 
functions, and any output files from any of the foregoing 
(including device programming or simulation files), and any 
associated documentation or information are expressly subject 
to the terms and conditions of the Altera Program License 
Subscription Agreement, the Altera Quartus Prime License Agreement,
the Altera IP License Agreement, or other applicable license
agreement, including, without limitation, that your use is for
the sole purpose of programming logic devices manufactured by
Altera and sold by Altera or its authorized distributors.  Please
refer to the Altera Software License Subscription Agreements 
on the Quartus Prime software download page.



+--------------------------------------------------------------------------------------+
; Analysis & Synthesis Summary                                                         ;
+------------------------------------+-------------------------------------------------+
; Analysis & Synthesis Status        ; Successful - Fri Mar 28 21:24:05 2025           ;
; Quartus Prime Version              ; 24.1std.0 Build 1077 03/04/2025 SC Lite Edition ;
; Revision Name                      ; top                                             ;
; Top-level Entity Name              ; top                                             ;
; Family                             ; MAX 10                                          ;
; Total logic elements               ; 54                                              ;
;     Total combinational functions  ; 34                                              ;
;     Dedicated logic registers      ; 38                                              ;
; Total registers                    ; 38                                              ;
; Total pins                         ; 51                                              ;
; Total virtual pins                 ; 0                                               ;
; Total memory bits                  ; 0                                               ;
; Embedded Multiplier 9-bit elements ; 0                                               ;
; Total PLLs                         ; 0                                               ;
; UFM blocks                         ; 0                                               ;
; ADC blocks                         ; 0                                               ;
+------------------------------------+-------------------------------------------------+


+------------------------------------------------------------------------------------------------------------+
; Analysis & Synthesis Settings                                                                              ;
+------------------------------------------------------------------+--------------------+--------------------+
; Option                                                           ; Setting            ; Default Value      ;
+------------------------------------------------------------------+--------------------+--------------------+
; Device                                                           ; 10M50DAF484C7G     ;                    ;
; Top-level entity name                                            ; top                ; top                ;
; Family name                                                      ; MAX 10             ; Cyclone V          ;
; Use smart compilation                                            ; Off                ; Off                ;
; Enable parallel Assembler and Timing Analyzer during compilation ; On                 ; On                 ;
; Enable compact report table                                      ; Off                ; Off                ;
; Restructure Multiplexers                                         ; Auto               ; Auto               ;
; Create Debugging Nodes for IP Cores                              ; Off                ; Off                ;
; Preserve fewer node names                                        ; On                 ; On                 ;
; Intel FPGA IP Evaluation Mode                                    ; Enable             ; Enable             ;
; Verilog Version                                                  ; Verilog_2001       ; Verilog_2001       ;
; VHDL Version                                                     ; VHDL_1993          ; VHDL_1993          ;
; State Machine Processing                                         ; Auto               ; Auto               ;
; Safe State Machine                                               ; Off                ; Off                ;
; Extract Verilog State Machines                                   ; On                 ; On                 ;
; Extract VHDL State Machines                                      ; On                 ; On                 ;
; Ignore Verilog initial constructs                                ; Off                ; Off                ;
; Iteration limit for constant Verilog loops                       ; 5000               ; 5000               ;
; Iteration limit for non-constant Verilog loops                   ; 250                ; 250                ;
; Add Pass-Through Logic to Inferred RAMs                          ; On                 ; On                 ;
; Infer RAMs from Raw Logic                                        ; On                 ; On                 ;
; Parallel Synthesis                                               ; On                 ; On                 ;
; DSP Block Balancing                                              ; Auto               ; Auto               ;
; NOT Gate Push-Back                                               ; On                 ; On                 ;
; Power-Up Don't Care                                              ; On                 ; On                 ;
; Remove Redundant Logic Cells                                     ; Off                ; Off                ;
; Remove Duplicate Registers                                       ; On                 ; On                 ;
; Ignore CARRY Buffers                                             ; Off                ; Off                ;
; Ignore CASCADE Buffers                                           ; Off                ; Off                ;
; Ignore GLOBAL Buffers                                            ; Off                ; Off                ;
; Ignore ROW GLOBAL Buffers                                        ; Off                ; Off                ;
; Ignore LCELL Buffers                                             ; Off                ; Off                ;
; Ignore SOFT Buffers                                              ; On                 ; On                 ;
; Limit AHDL Integers to 32 Bits                                   ; Off                ; Off                ;
; Optimization Technique                                           ; Balanced           ; Balanced           ;
; Carry Chain Length                                               ; 70                 ; 70                 ;
; Auto Carry Chains                                                ; On                 ; On                 ;
; Auto Open-Drain Pins                                             ; On                 ; On                 ;
; Perform WYSIWYG Primitive Resynthesis                            ; Off                ; Off                ;
; Auto ROM Replacement                                             ; On                 ; On                 ;
; Auto RAM Replacement                                             ; On                 ; On                 ;
; Auto DSP Block Replacement                                       ; On                 ; On                 ;
; Auto Shift Register Replacement                                  ; Auto               ; Auto               ;
; Allow Shift Register Merging across Hierarchies                  ; Auto               ; Auto               ;
; Auto Clock Enable Replacement                                    ; On                 ; On                 ;
; Strict RAM Replacement                                           ; Off                ; Off                ;
; Allow Synchronous Control Signals                                ; On                 ; On                 ;
; Force Use of Synchronous Clear Signals                           ; Off                ; Off                ;
; Auto RAM Block Balancing                                         ; On                 ; On                 ;
; Auto RAM to Logic Cell Conversion                                ; Off                ; Off                ;
; Auto Resource Sharing                                            ; Off                ; Off                ;
; Allow Any RAM Size For Recognition                               ; Off                ; Off                ;
; Allow Any ROM Size For Recognition                               ; Off                ; Off                ;
; Allow Any Shift Register Size For Recognition                    ; Off                ; Off                ;
; Use LogicLock Constraints during Resource Balancing              ; On                 ; On                 ;
; Ignore translate_off and synthesis_off directives                ; Off                ; Off                ;
; Timing-Driven Synthesis                                          ; On                 ; On                 ;
; Report Parameter Settings                                        ; On                 ; On                 ;
; Report Source Assignments                                        ; On                 ; On                 ;
; Report Connectivity Checks                                       ; On                 ; On                 ;
; Ignore Maximum Fan-Out Assignments                               ; Off                ; Off                ;
; Synchronization Register Chain Length                            ; 2                  ; 2                  ;
; Power Optimization During Synthesis                              ; Normal compilation ; Normal compilation ;
; HDL message level                                                ; Level2             ; Level2             ;
; Suppress Register Optimization Related Messages                  ; Off                ; Off                ;
; Number of Removed Registers Reported in Synthesis Report         ; 5000               ; 5000               ;
; Number of Swept Nodes Reported in Synthesis Report               ; 5000               ; 5000               ;
; Number of Inverted Registers Reported in Synthesis Report        ; 100                ; 100                ;
; Clock MUX Protection                                             ; On                 ; On                 ;
; Auto Gated Clock Conversion                                      ; Off                ; Off                ;
; Block Design Naming                                              ; Auto               ; Auto               ;
; SDC constraint protection                                        ; Off                ; Off                ;
; Synthesis Effort                                                 ; Auto               ; Auto               ;
; Shift Register Replacement - Allow Asynchronous Clear Signal     ; On                 ; On                 ;
; Pre-Mapping Resynthesis Optimization                             ; Off                ; Off                ;
; Analysis & Synthesis Message Level                               ; Medium             ; Medium             ;
; Disable Register Merging Across Hierarchies                      ; Auto               ; Auto               ;
; Resource Aware Inference For Block RAM                           ; On                 ; On                 ;
+------------------------------------------------------------------+--------------------+--------------------+


+------------------------------------------+
; Parallel Compilation                     ;
+----------------------------+-------------+
; Processors                 ; Number      ;
+----------------------------+-------------+
; Number detected on machine ; 20          ;
; Maximum allowed            ; 14          ;
;                            ;             ;
; Average used               ; 1.00        ;
; Maximum used               ; 14          ;
;                            ;             ;
; Usage by Processor         ; % Time Used ;
;     Processor 1            ; 100.0%      ;
;     Processors 2-14        ;   0.0%      ;
+----------------------------+-------------+


+--------------------------------------------------------------------------------------------------------------------------------------------------+
; Analysis & Synthesis Source Files Read                                                                                                           ;
+----------------------------------+-----------------+------------------------------+----------------------------------------------------+---------+
; File Name with User-Entered Path ; Used in Netlist ; File Type                    ; File Name with Absolute Path                       ; Library ;
+----------------------------------+-----------------+------------------------------+----------------------------------------------------+---------+
; top.v                            ; yes             ; User Verilog HDL File        ; C:/Projects/DE10-Lite-Projects/top/top.v           ;         ;
; register_file.v                  ; yes             ; Auto-Found Verilog HDL File  ; C:/Projects/DE10-Lite-Projects/top/register_file.v ;         ;
; hex7seg.v                        ; yes             ; Auto-Found Verilog HDL File  ; C:/Projects/DE10-Lite-Projects/top/hex7seg.v       ;         ;
+----------------------------------+-----------------+------------------------------+----------------------------------------------------+---------+


+--------------------------------------------------------------+
; Analysis & Synthesis Resource Usage Summary                  ;
+---------------------------------------------+----------------+
; Resource                                    ; Usage          ;
+---------------------------------------------+----------------+
; Estimated Total logic elements              ; 54             ;
;                                             ;                ;
; Total combinational functions               ; 34             ;
; Logic element usage by number of LUT inputs ;                ;
;     -- 4 input functions                    ; 30             ;
;     -- 3 input functions                    ; 4              ;
;     -- <=2 input functions                  ; 0              ;
;                                             ;                ;
; Logic elements by mode                      ;                ;
;     -- normal mode                          ; 34             ;
;     -- arithmetic mode                      ; 0              ;
;                                             ;                ;
; Total registers                             ; 38             ;
;     -- Dedicated logic registers            ; 38             ;
;     -- I/O registers                        ; 0              ;
;                                             ;                ;
; I/O pins                                    ; 51             ;
;                                             ;                ;
; Embedded Multiplier 9-bit elements          ; 0              ;
;                                             ;                ;
; Maximum fan-out node                        ; CLOCK_50~input ;
; Maximum fan-out                             ; 38             ;
; Total fan-out                               ; 319            ;
; Average fan-out                             ; 1.83           ;
+---------------------------------------------+----------------+


+----------------------------------------------------------------------------------------------------------------------------------------------------------------------------------------------------------------------------------------------+
; Analysis & Synthesis Resource Utilization by Entity                                                                                                                                                                                          ;
+----------------------------+---------------------+---------------------------+-------------+------------+--------------+---------+-----------+------+--------------+------------+-----------------------------+---------------+--------------+
; Compilation Hierarchy Node ; Combinational ALUTs ; Dedicated Logic Registers ; Memory Bits ; UFM Blocks ; DSP Elements ; DSP 9x9 ; DSP 18x18 ; Pins ; Virtual Pins ; ADC blocks ; Full Hierarchy Name         ; Entity Name   ; Library Name ;
+----------------------------+---------------------+---------------------------+-------------+------------+--------------+---------+-----------+------+--------------+------------+-----------------------------+---------------+--------------+
; |top                       ; 34 (0)              ; 38 (0)                    ; 0           ; 0          ; 0            ; 0       ; 0         ; 51   ; 0            ; 0          ; |top                        ; top           ; work         ;
;    |reg_HEX:H0|            ; 7 (0)               ; 7 (7)                     ; 0           ; 0          ; 0            ; 0       ; 0         ; 0    ; 0            ; 0          ; |top|reg_HEX:H0             ; reg_HEX       ; work         ;
;       |hex7seg:SEG|        ; 7 (7)               ; 0 (0)                     ; 0           ; 0          ; 0            ; 0       ; 0         ; 0    ; 0            ; 0          ; |top|reg_HEX:H0|hex7seg:SEG ; hex7seg       ; work         ;
;    |reg_HEX:H2|            ; 7 (0)               ; 7 (7)                     ; 0           ; 0          ; 0            ; 0       ; 0         ; 0    ; 0            ; 0          ; |top|reg_HEX:H2             ; reg_HEX       ; work         ;
;       |hex7seg:SEG|        ; 7 (7)               ; 0 (0)                     ; 0           ; 0          ; 0            ; 0       ; 0         ; 0    ; 0            ; 0          ; |top|reg_HEX:H2|hex7seg:SEG ; hex7seg       ; work         ;
;    |reg_LED:REGLED|        ; 0 (0)               ; 8 (8)                     ; 0           ; 0          ; 0            ; 0       ; 0         ; 0    ; 0            ; 0          ; |top|reg_LED:REGLED         ; reg_LED       ; work         ;
;    |register_file:RF|      ; 20 (20)             ; 16 (16)                   ; 0           ; 0          ; 0            ; 0       ; 0         ; 0    ; 0            ; 0          ; |top|register_file:RF       ; register_file ; work         ;
+----------------------------+---------------------+---------------------------+-------------+------------+--------------+---------+-----------+------+--------------+------------+-----------------------------+---------------+--------------+
Note: For table entries with two numbers listed, the numbers in parentheses indicate the number of resources of the given type used by the specific entity alone. The numbers listed outside of parentheses indicate the total resources of the given type used by the specific entity and all of its sub-entities in the hierarchy.


+---------------------------------------------------------------------------------+
; Registers Removed During Synthesis                                              ;
+----------------------------------------+----------------------------------------+
; Register name                          ; Reason for Removal                     ;
+----------------------------------------+----------------------------------------+
; reg_LED:REGLED|LEDR[4,5]               ; Stuck at GND due to stuck port data_in ;
; register_file:RF|r0[4..7]              ; Stuck at GND due to stuck port data_in ;
; register_file:RF|r1[4..7]              ; Stuck at GND due to stuck port data_in ;
; register_file:RF|r2[4..7]              ; Stuck at GND due to stuck port data_in ;
; register_file:RF|r3[4..7]              ; Stuck at GND due to stuck port data_in ;
; reg_HEX:H1|display[0..5]               ; Stuck at GND due to stuck port data_in ;
; reg_HEX:H3|display[0..5]               ; Stuck at GND due to stuck port data_in ;
; reg_HEX:H1|display[6]                  ; Stuck at VCC due to stuck port data_in ;
; reg_HEX:H3|display[6]                  ; Stuck at VCC due to stuck port data_in ;
; Total Number of Removed Registers = 32 ;                                        ;
+----------------------------------------+----------------------------------------+


+---------------------------------------------------------------------------------------------------------------------------+
; Removed Registers Triggering Further Register Optimizations                                                               ;
+------------------------+---------------------------+----------------------------------------------------------------------+
; Register name          ; Reason for Removal        ; Registers Removed due to This Register                               ;
+------------------------+---------------------------+----------------------------------------------------------------------+
; register_file:RF|r0[5] ; Stuck at GND              ; reg_HEX:H1|display[0], reg_HEX:H1|display[1], reg_HEX:H1|display[2], ;
;                        ; due to stuck port data_in ; reg_HEX:H1|display[3], reg_HEX:H1|display[4], reg_HEX:H1|display[5], ;
;                        ;                           ; reg_HEX:H3|display[0], reg_HEX:H3|display[1], reg_HEX:H3|display[2], ;
;                        ;                           ; reg_HEX:H3|display[3], reg_HEX:H3|display[4], reg_HEX:H3|display[5], ;
;                        ;                           ; reg_HEX:H1|display[6], reg_HEX:H3|display[6]                         ;
+------------------------+---------------------------+----------------------------------------------------------------------+


+------------------------------------------------------+
; General Register Statistics                          ;
+----------------------------------------------+-------+
; Statistic                                    ; Value ;
+----------------------------------------------+-------+
; Total registers                              ; 38    ;
; Number of registers using Synchronous Clear  ; 0     ;
; Number of registers using Synchronous Load   ; 0     ;
; Number of registers using Asynchronous Clear ; 0     ;
; Number of registers using Asynchronous Load  ; 0     ;
; Number of registers using Clock Enable       ; 38    ;
; Number of registers using Preset             ; 0     ;
+----------------------------------------------+-------+


+-------------------------------------------------------------------------------------------------------------------------------------------+
; Multiplexer Restructuring Statistics (Restructuring Performed)                                                                            ;
+--------------------+-----------+---------------+----------------------+------------------------+------------+-----------------------------+
; Multiplexer Inputs ; Bus Width ; Baseline Area ; Area if Restructured ; Saving if Restructured ; Registered ; Example Multiplexer Output  ;
+--------------------+-----------+---------------+----------------------+------------------------+------------+-----------------------------+
; 4:1                ; 4 bits    ; 8 LEs         ; 8 LEs                ; 0 LEs                  ; No         ; |top|register_file:RF|Mux4  ;
; 4:1                ; 4 bits    ; 8 LEs         ; 8 LEs                ; 0 LEs                  ; No         ; |top|register_file:RF|Mux12 ;
+--------------------+-----------+---------------+----------------------+------------------------+------------+-----------------------------+


+---------------------------------------------------------------+
; Parameter Settings for User Entity Instance: register_file:RF ;
+----------------+-------+--------------------------------------+
; Parameter Name ; Value ; Type                                 ;
+----------------+-------+--------------------------------------+
; R0             ; 00    ; Unsigned Binary                      ;
; R1             ; 01    ; Unsigned Binary                      ;
; R2             ; 10    ; Unsigned Binary                      ;
; R3             ; 11    ; Unsigned Binary                      ;
+----------------+-------+--------------------------------------+
Note: In order to hide this table in the UI and the text report file, please set the "Show Parameter Settings in Synthesis Report" option in "Analysis and Synthesis Settings -> More Settings" to "Off".


+--------------------------------------------+
; Port Connectivity Checks: "reg_LED:REGLED" ;
+---------+-------+----------+---------------+
; Port    ; Type  ; Severity ; Details       ;
+---------+-------+----------+---------------+
; Q[5..4] ; Input ; Info     ; Stuck at GND  ;
+---------+-------+----------+---------------+


+-------------------------------------------------------------------------------------------------------------------------------------------------------------------------------------------------------------------+
; Port Connectivity Checks: "register_file:RF"                                                                                                                                                                      ;
+-------------+-------+----------+----------------------------------------------------------------------------------------------------------------------------------------------------------------------------------+
; Port        ; Type  ; Severity ; Details                                                                                                                                                                          ;
+-------------+-------+----------+----------------------------------------------------------------------------------------------------------------------------------------------------------------------------------+
; regA        ; Input ; Warning  ; Input port expression (4 bits) is wider than the input port (2 bits) it drives.  The 2 most-significant bit(s) in the expression will be dangling if they have no other fanouts. ;
; regB        ; Input ; Warning  ; Input port expression (4 bits) is wider than the input port (2 bits) it drives.  The 2 most-significant bit(s) in the expression will be dangling if they have no other fanouts. ;
; regW        ; Input ; Warning  ; Input port expression (4 bits) is wider than the input port (2 bits) it drives.  The 2 most-significant bit(s) in the expression will be dangling if they have no other fanouts. ;
; dataW[7..4] ; Input ; Info     ; Stuck at GND                                                                                                                                                                     ;
+-------------+-------+----------+----------------------------------------------------------------------------------------------------------------------------------------------------------------------------------+


+-----------------------------------------------------+
; Post-Synthesis Netlist Statistics for Top Partition ;
+-----------------------+-----------------------------+
; Type                  ; Count                       ;
+-----------------------+-----------------------------+
; boundary_port         ; 51                          ;
; cycloneiii_ff         ; 38                          ;
;     ENA               ; 38                          ;
; cycloneiii_lcell_comb ; 36                          ;
;     normal            ; 36                          ;
;         0 data inputs ; 2                           ;
;         3 data inputs ; 4                           ;
;         4 data inputs ; 30                          ;
;                       ;                             ;
; Max LUT depth         ; 3.00                        ;
; Average LUT depth     ; 1.71                        ;
+-----------------------+-----------------------------+


+-------------------------------+
; Elapsed Time Per Partition    ;
+----------------+--------------+
; Partition Name ; Elapsed Time ;
+----------------+--------------+
; Top            ; 00:00:00     ;
+----------------+--------------+


+-------------------------------+
; Analysis & Synthesis Messages ;
+-------------------------------+
Info: *******************************************************************
Info: Running Quartus Prime Analysis & Synthesis
    Info: Version 24.1std.0 Build 1077 03/04/2025 SC Lite Edition
    Info: Processing started: Fri Mar 28 21:23:59 2025
Info: Command: quartus_map --read_settings_files=on --write_settings_files=off top -c top
Warning (18236): Number of processors has not been specified which may cause overloading on shared machines.  Set the global assignment NUM_PARALLEL_PROCESSORS in your QSF to an appropriate value for best performance.
Info (20030): Parallel compilation is enabled and will use 14 of the 14 processors detected
Info (12021): Found 3 design units, including 3 entities, in source file top.v
    Info (12023): Found entity 1: top File: C:/Projects/DE10-Lite-Projects/top/top.v Line: 1
    Info (12023): Found entity 2: reg_LED File: C:/Projects/DE10-Lite-Projects/top/top.v Line: 37
    Info (12023): Found entity 3: reg_HEX File: C:/Projects/DE10-Lite-Projects/top/top.v Line: 46
Info (12127): Elaborating entity "top" for the top level hierarchy
Warning (12125): Using design file register_file.v, which is not specified as a design file for the current project, but contains definitions for 1 design units and 1 entities in project
    Info (12023): Found entity 1: register_file File: C:/Projects/DE10-Lite-Projects/top/register_file.v Line: 1
Info (12128): Elaborating entity "register_file" for hierarchy "register_file:RF" File: C:/Projects/DE10-Lite-Projects/top/top.v Line: 24
Info (12128): Elaborating entity "reg_LED" for hierarchy "reg_LED:REGLED" File: C:/Projects/DE10-Lite-Projects/top/top.v Line: 28
Info (12128): Elaborating entity "reg_HEX" for hierarchy "reg_HEX:H3" File: C:/Projects/DE10-Lite-Projects/top/top.v Line: 30
Warning (12125): Using design file hex7seg.v, which is not specified as a design file for the current project, but contains definitions for 1 design units and 1 entities in project
    Info (12023): Found entity 1: hex7seg File: C:/Projects/DE10-Lite-Projects/top/hex7seg.v Line: 1
Info (12128): Elaborating entity "hex7seg" for hierarchy "reg_HEX:H3|hex7seg:SEG" File: C:/Projects/DE10-Lite-Projects/top/top.v Line: 48
Warning (12241): 1 hierarchies have connectivity warnings - see the Connectivity Checks report folder
Warning (13024): Output pins are stuck at VCC or GND
    Warning (13410): Pin "HEX3[0]" is stuck at GND File: C:/Projects/DE10-Lite-Projects/top/top.v Line: 4
    Warning (13410): Pin "HEX3[1]" is stuck at GND File: C:/Projects/DE10-Lite-Projects/top/top.v Line: 4
    Warning (13410): Pin "HEX3[2]" is stuck at GND File: C:/Projects/DE10-Lite-Projects/top/top.v Line: 4
    Warning (13410): Pin "HEX3[3]" is stuck at GND File: C:/Projects/DE10-Lite-Projects/top/top.v Line: 4
    Warning (13410): Pin "HEX3[4]" is stuck at GND File: C:/Projects/DE10-Lite-Projects/top/top.v Line: 4
    Warning (13410): Pin "HEX3[5]" is stuck at GND File: C:/Projects/DE10-Lite-Projects/top/top.v Line: 4
    Warning (13410): Pin "HEX3[6]" is stuck at VCC File: C:/Projects/DE10-Lite-Projects/top/top.v Line: 4
    Warning (13410): Pin "HEX1[0]" is stuck at GND File: C:/Projects/DE10-Lite-Projects/top/top.v Line: 6
    Warning (13410): Pin "HEX1[1]" is stuck at GND File: C:/Projects/DE10-Lite-Projects/top/top.v Line: 6
    Warning (13410): Pin "HEX1[2]" is stuck at GND File: C:/Projects/DE10-Lite-Projects/top/top.v Line: 6
    Warning (13410): Pin "HEX1[3]" is stuck at GND File: C:/Projects/DE10-Lite-Projects/top/top.v Line: 6
    Warning (13410): Pin "HEX1[4]" is stuck at GND File: C:/Projects/DE10-Lite-Projects/top/top.v Line: 6
    Warning (13410): Pin "HEX1[5]" is stuck at GND File: C:/Projects/DE10-Lite-Projects/top/top.v Line: 6
    Warning (13410): Pin "HEX1[6]" is stuck at VCC File: C:/Projects/DE10-Lite-Projects/top/top.v Line: 6
    Warning (13410): Pin "LEDR[4]" is stuck at GND File: C:/Projects/DE10-Lite-Projects/top/top.v Line: 10
    Warning (13410): Pin "LEDR[5]" is stuck at GND File: C:/Projects/DE10-Lite-Projects/top/top.v Line: 10
Info (286030): Timing-Driven Synthesis is running
Info (144001): Generated suppressed messages file C:/Projects/DE10-Lite-Projects/top/output_files/top.map.smsg
Info (16010): Generating hard_block partition "hard_block:auto_generated_inst"
    Info (16011): Adding 0 node(s), including 0 DDIO, 0 PLL, 0 transceiver and 0 LCELL
Info (21057): Implemented 109 device resources after synthesis - the final resource count might be different
    Info (21058): Implemented 13 input pins
    Info (21059): Implemented 38 output pins
    Info (21061): Implemented 58 logic cells
Info: Quartus Prime Analysis & Synthesis was successful. 0 errors, 21 warnings
    Info: Peak virtual memory: 4852 megabytes
    Info: Processing ended: Fri Mar 28 21:24:05 2025
    Info: Elapsed time: 00:00:06
    Info: Total CPU time (on all processors): 00:00:15


+------------------------------------------+
; Analysis & Synthesis Suppressed Messages ;
+------------------------------------------+
The suppressed messages can be found in C:/Projects/DE10-Lite-Projects/top/output_files/top.map.smsg.


