Analysis & Synthesis report for processor
Sun Mar 30 22:10:36 2025
Quartus Prime Version 24.1std.0 Build 1077 03/04/2025 SC Lite Edition


---------------------
; Table of Contents ;
---------------------
  1. Legal Notice
  2. Analysis & Synthesis Summary
  3. Analysis & Synthesis Settings
  4. Parallel Compilation
  5. Analysis & Synthesis Source Files Read
  6. Analysis & Synthesis Resource Usage Summary
  7. Analysis & Synthesis Resource Utilization by Entity
  8. Registers Removed During Synthesis
  9. Removed Registers Triggering Further Register Optimizations
 10. General Register Statistics
 11. Parameter Settings for User Entity Instance: datapath:DATAPATH|memory:Memory
 12. Parameter Settings for User Entity Instance: datapath:DATAPATH|register_file:RF
 13. Parameter Settings for User Entity Instance: datapath:DATAPATH|ALU:ALUx
 14. Port Connectivity Checks: "reg_LED:REGLED"
 15. Port Connectivity Checks: "datapath:DATAPATH"
 16. Post-Synthesis Netlist Statistics for Top Partition
 17. Elapsed Time Per Partition
 18. Analysis & Synthesis Messages
 19. Analysis & Synthesis Suppressed Messages



----------------
; Legal Notice ;
----------------
Copyright (C) 2025  Altera Corporation. All rights reserved.
Your use of Altera Corporation's design tools, logic functions 
and other software and tools, and any partner logic 
functions, and any output files from any of the foregoing 
(including device programming or simulation files), and any 
associated documentation or information are expressly subject 
to the terms and conditions of the Altera Program License 
Subscription Agreement, the Altera Quartus Prime License Agreement,
the Altera IP License Agreement, or other applicable license
agreement, including, without limitation, that your use is for
the sole purpose of programming logic devices manufactured by
Altera and sold by Altera or its authorized distributors.  Please
refer to the Altera Software License Subscription Agreements 
on the Quartus Prime software download page.



+--------------------------------------------------------------------------------------+
; Analysis & Synthesis Summary                                                         ;
+------------------------------------+-------------------------------------------------+
; Analysis & Synthesis Status        ; Successful - Sun Mar 30 22:10:36 2025           ;
; Quartus Prime Version              ; 24.1std.0 Build 1077 03/04/2025 SC Lite Edition ;
; Revision Name                      ; processor                                       ;
; Top-level Entity Name              ; processor                                       ;
; Family                             ; MAX 10                                          ;
; Total logic elements               ; 0                                               ;
;     Total combinational functions  ; 0                                               ;
;     Dedicated logic registers      ; 0                                               ;
; Total registers                    ; 0                                               ;
; Total pins                         ; 65                                              ;
; Total virtual pins                 ; 0                                               ;
; Total memory bits                  ; 0                                               ;
; Embedded Multiplier 9-bit elements ; 0                                               ;
; Total PLLs                         ; 0                                               ;
; UFM blocks                         ; 0                                               ;
; ADC blocks                         ; 0                                               ;
+------------------------------------+-------------------------------------------------+


+------------------------------------------------------------------------------------------------------------+
; Analysis & Synthesis Settings                                                                              ;
+------------------------------------------------------------------+--------------------+--------------------+
; Option                                                           ; Setting            ; Default Value      ;
+------------------------------------------------------------------+--------------------+--------------------+
; Device                                                           ; 10M50DAF484C7G     ;                    ;
; Top-level entity name                                            ; processor          ; processor          ;
; Family name                                                      ; MAX 10             ; Cyclone V          ;
; Use smart compilation                                            ; Off                ; Off                ;
; Enable parallel Assembler and Timing Analyzer during compilation ; On                 ; On                 ;
; Enable compact report table                                      ; Off                ; Off                ;
; Restructure Multiplexers                                         ; Auto               ; Auto               ;
; Create Debugging Nodes for IP Cores                              ; Off                ; Off                ;
; Preserve fewer node names                                        ; On                 ; On                 ;
; Intel FPGA IP Evaluation Mode                                    ; Enable             ; Enable             ;
; Verilog Version                                                  ; Verilog_2001       ; Verilog_2001       ;
; VHDL Version                                                     ; VHDL_1993          ; VHDL_1993          ;
; State Machine Processing                                         ; Auto               ; Auto               ;
; Safe State Machine                                               ; Off                ; Off                ;
; Extract Verilog State Machines                                   ; On                 ; On                 ;
; Extract VHDL State Machines                                      ; On                 ; On                 ;
; Ignore Verilog initial constructs                                ; Off                ; Off                ;
; Iteration limit for constant Verilog loops                       ; 5000               ; 5000               ;
; Iteration limit for non-constant Verilog loops                   ; 250                ; 250                ;
; Add Pass-Through Logic to Inferred RAMs                          ; On                 ; On                 ;
; Infer RAMs from Raw Logic                                        ; On                 ; On                 ;
; Parallel Synthesis                                               ; On                 ; On                 ;
; DSP Block Balancing                                              ; Auto               ; Auto               ;
; NOT Gate Push-Back                                               ; On                 ; On                 ;
; Power-Up Don't Care                                              ; On                 ; On                 ;
; Remove Redundant Logic Cells                                     ; Off                ; Off                ;
; Remove Duplicate Registers                                       ; On                 ; On                 ;
; Ignore CARRY Buffers                                             ; Off                ; Off                ;
; Ignore CASCADE Buffers                                           ; Off                ; Off                ;
; Ignore GLOBAL Buffers                                            ; Off                ; Off                ;
; Ignore ROW GLOBAL Buffers                                        ; Off                ; Off                ;
; Ignore LCELL Buffers                                             ; Off                ; Off                ;
; Ignore SOFT Buffers                                              ; On                 ; On                 ;
; Limit AHDL Integers to 32 Bits                                   ; Off                ; Off                ;
; Optimization Technique                                           ; Balanced           ; Balanced           ;
; Carry Chain Length                                               ; 70                 ; 70                 ;
; Auto Carry Chains                                                ; On                 ; On                 ;
; Auto Open-Drain Pins                                             ; On                 ; On                 ;
; Perform WYSIWYG Primitive Resynthesis                            ; Off                ; Off                ;
; Auto ROM Replacement                                             ; On                 ; On                 ;
; Auto RAM Replacement                                             ; On                 ; On                 ;
; Auto DSP Block Replacement                                       ; On                 ; On                 ;
; Auto Shift Register Replacement                                  ; Auto               ; Auto               ;
; Allow Shift Register Merging across Hierarchies                  ; Auto               ; Auto               ;
; Auto Clock Enable Replacement                                    ; On                 ; On                 ;
; Strict RAM Replacement                                           ; Off                ; Off                ;
; Allow Synchronous Control Signals                                ; On                 ; On                 ;
; Force Use of Synchronous Clear Signals                           ; Off                ; Off                ;
; Auto RAM Block Balancing                                         ; On                 ; On                 ;
; Auto RAM to Logic Cell Conversion                                ; Off                ; Off                ;
; Auto Resource Sharing                                            ; Off                ; Off                ;
; Allow Any RAM Size For Recognition                               ; Off                ; Off                ;
; Allow Any ROM Size For Recognition                               ; Off                ; Off                ;
; Allow Any Shift Register Size For Recognition                    ; Off                ; Off                ;
; Use LogicLock Constraints during Resource Balancing              ; On                 ; On                 ;
; Ignore translate_off and synthesis_off directives                ; Off                ; Off                ;
; Timing-Driven Synthesis                                          ; On                 ; On                 ;
; Report Parameter Settings                                        ; On                 ; On                 ;
; Report Source Assignments                                        ; On                 ; On                 ;
; Report Connectivity Checks                                       ; On                 ; On                 ;
; Ignore Maximum Fan-Out Assignments                               ; Off                ; Off                ;
; Synchronization Register Chain Length                            ; 2                  ; 2                  ;
; Power Optimization During Synthesis                              ; Normal compilation ; Normal compilation ;
; HDL message level                                                ; Level2             ; Level2             ;
; Suppress Register Optimization Related Messages                  ; Off                ; Off                ;
; Number of Removed Registers Reported in Synthesis Report         ; 5000               ; 5000               ;
; Number of Swept Nodes Reported in Synthesis Report               ; 5000               ; 5000               ;
; Number of Inverted Registers Reported in Synthesis Report        ; 100                ; 100                ;
; Clock MUX Protection                                             ; On                 ; On                 ;
; Auto Gated Clock Conversion                                      ; Off                ; Off                ;
; Block Design Naming                                              ; Auto               ; Auto               ;
; SDC constraint protection                                        ; Off                ; Off                ;
; Synthesis Effort                                                 ; Auto               ; Auto               ;
; Shift Register Replacement - Allow Asynchronous Clear Signal     ; On                 ; On                 ;
; Pre-Mapping Resynthesis Optimization                             ; Off                ; Off                ;
; Analysis & Synthesis Message Level                               ; Medium             ; Medium             ;
; Disable Register Merging Across Hierarchies                      ; Auto               ; Auto               ;
; Resource Aware Inference For Block RAM                           ; On                 ; On                 ;
+------------------------------------------------------------------+--------------------+--------------------+


+------------------------------------------+
; Parallel Compilation                     ;
+----------------------------+-------------+
; Processors                 ; Number      ;
+----------------------------+-------------+
; Number detected on machine ; 20          ;
; Maximum allowed            ; 14          ;
;                            ;             ;
; Average used               ; 1.00        ;
; Maximum used               ; 1           ;
;                            ;             ;
; Usage by Processor         ; % Time Used ;
;     Processor 1            ; 100.0%      ;
+----------------------------+-------------+


+------------------------------------------------------------------------------------------------------------------------------------------------------+
; Analysis & Synthesis Source Files Read                                                                                                               ;
+----------------------------------+-----------------+------------------------------+--------------------------------------------------------+---------+
; File Name with User-Entered Path ; Used in Netlist ; File Type                    ; File Name with Absolute Path                           ; Library ;
+----------------------------------+-----------------+------------------------------+--------------------------------------------------------+---------+
; processor.v                      ; yes             ; User Verilog HDL File        ; C:/Projects/DE10-Lite-Projects/SimProc/processor.v     ;         ;
; datapath.v                       ; yes             ; Auto-Found Verilog HDL File  ; C:/Projects/DE10-Lite-Projects/SimProc/datapath.v      ;         ;
; pc.v                             ; yes             ; Auto-Found Verilog HDL File  ; C:/Projects/DE10-Lite-Projects/SimProc/pc.v            ;         ;
; memory.v                         ; yes             ; Auto-Found Verilog HDL File  ; C:/Projects/DE10-Lite-Projects/SimProc/memory.v        ;         ;
; register_file.v                  ; yes             ; Auto-Found Verilog HDL File  ; C:/Projects/DE10-Lite-Projects/SimProc/register_file.v ;         ;
; alu.v                            ; yes             ; Auto-Found Verilog HDL File  ; C:/Projects/DE10-Lite-Projects/SimProc/alu.v           ;         ;
; hex7seg.v                        ; yes             ; Auto-Found Verilog HDL File  ; C:/Projects/DE10-Lite-Projects/SimProc/hex7seg.v       ;         ;
+----------------------------------+-----------------+------------------------------+--------------------------------------------------------+---------+


+-----------------------------------------------------+
; Analysis & Synthesis Resource Usage Summary         ;
+---------------------------------------------+-------+
; Resource                                    ; Usage ;
+---------------------------------------------+-------+
;                                             ;       ;
; Total combinational functions               ; 0     ;
; Logic element usage by number of LUT inputs ;       ;
;     -- 4 input functions                    ; 0     ;
;     -- 3 input functions                    ; 0     ;
;     -- <=2 input functions                  ; 0     ;
;                                             ;       ;
; Logic elements by mode                      ;       ;
;     -- normal mode                          ; 0     ;
;     -- arithmetic mode                      ; 0     ;
;                                             ;       ;
; Total registers                             ; 0     ;
;     -- Dedicated logic registers            ; 0     ;
;     -- I/O registers                        ; 0     ;
;                                             ;       ;
; I/O pins                                    ; 65    ;
;                                             ;       ;
; Embedded Multiplier 9-bit elements          ; 0     ;
;                                             ;       ;
; Maximum fan-out node                        ; SW[0] ;
; Maximum fan-out                             ; 1     ;
; Total fan-out                               ; 65    ;
; Average fan-out                             ; 0.50  ;
+---------------------------------------------+-------+


+------------------------------------------------------------------------------------------------------------------------------------------------------------------------------------------------------------------------------------+
; Analysis & Synthesis Resource Utilization by Entity                                                                                                                                                                                ;
+----------------------------+---------------------+---------------------------+-------------+------------+--------------+---------+-----------+------+--------------+------------+---------------------+-------------+--------------+
; Compilation Hierarchy Node ; Combinational ALUTs ; Dedicated Logic Registers ; Memory Bits ; UFM Blocks ; DSP Elements ; DSP 9x9 ; DSP 18x18 ; Pins ; Virtual Pins ; ADC blocks ; Full Hierarchy Name ; Entity Name ; Library Name ;
+----------------------------+---------------------+---------------------------+-------------+------------+--------------+---------+-----------+------+--------------+------------+---------------------+-------------+--------------+
; |processor                 ; 0 (0)               ; 0 (0)                     ; 0           ; 0          ; 0            ; 0       ; 0         ; 65   ; 0            ; 0          ; |processor          ; processor   ; work         ;
+----------------------------+---------------------+---------------------------+-------------+------------+--------------+---------+-----------+------+--------------+------------+---------------------+-------------+--------------+
Note: For table entries with two numbers listed, the numbers in parentheses indicate the number of resources of the given type used by the specific entity alone. The numbers listed outside of parentheses indicate the total resources of the given type used by the specific entity and all of its sub-entities in the hierarchy.


+----------------------------------------------------------------------------------------------+
; Registers Removed During Synthesis                                                           ;
+------------------------------------------------+---------------------------------------------+
; Register name                                  ; Reason for Removal                          ;
+------------------------------------------------+---------------------------------------------+
; reg_LED:REGLED|LEDR[2..9]                      ; Stuck at GND due to stuck port data_in      ;
; datapath:DATAPATH|PC:progCount|PCout[0..7]     ; Lost fanout                                 ;
; datapath:DATAPATH|MDRout[0]                    ; Stuck at GND due to stuck port clock_enable ;
; datapath:DATAPATH|ALUoutReg[0..2]              ; Stuck at GND due to stuck port clock_enable ;
; datapath:DATAPATH|Nreg                         ; Stuck at GND due to stuck port clock_enable ;
; datapath:DATAPATH|Zreg                         ; Stuck at GND due to stuck port clock_enable ;
; datapath:DATAPATH|MDRout[1..7]                 ; Lost fanout                                 ;
; datapath:DATAPATH|ALUoutReg[3..7]              ; Stuck at GND due to stuck port clock_enable ;
; datapath:DATAPATH|IRout[6,7]                   ; Stuck at GND due to stuck port clock_enable ;
; datapath:DATAPATH|register_file:RF|r0[2..5]    ; Stuck at GND due to stuck port clock_enable ;
; datapath:DATAPATH|register_file:RF|r0[7]       ; Lost fanout                                 ;
; datapath:DATAPATH|register_file:RF|r0[1]       ; Stuck at GND due to stuck port clock_enable ;
; datapath:DATAPATH|register_file:RF|r0[6]       ; Lost fanout                                 ;
; datapath:DATAPATH|register_file:RF|r0[0]       ; Stuck at GND due to stuck port clock_enable ;
; datapath:DATAPATH|register_file:RF|r1[0..7]    ; Stuck at GND due to stuck port clock_enable ;
; datapath:DATAPATH|register_file:RF|r2[0..7]    ; Stuck at GND due to stuck port clock_enable ;
; datapath:DATAPATH|register_file:RF|r3[0..7]    ; Stuck at GND due to stuck port clock_enable ;
; reg_LED:REGLED|LEDR[0,1]                       ; Stuck at GND due to stuck port data_in      ;
; reg_HEX:H4|display[0..5]                       ; Stuck at GND due to stuck port data_in      ;
; reg_HEX:H4|display[6]                          ; Stuck at VCC due to stuck port data_in      ;
; reg_HEX:H5|display[0..5]                       ; Stuck at GND due to stuck port data_in      ;
; reg_HEX:H5|display[6]                          ; Stuck at VCC due to stuck port data_in      ;
; datapath:DATAPATH|IRout[4,5]                   ; Lost fanout                                 ;
; datapath:DATAPATH|memory:Memory|Data_out[0..7] ; Lost fanout                                 ;
; datapath:DATAPATH|dataAreg[0,2]                ; Merged with datapath:DATAPATH|dataBreg[0]   ;
; datapath:DATAPATH|dataBreg[4]                  ; Merged with datapath:DATAPATH|dataBreg[0]   ;
; datapath:DATAPATH|dataAreg[4,7]                ; Merged with datapath:DATAPATH|dataBreg[0]   ;
; datapath:DATAPATH|dataBreg[3]                  ; Merged with datapath:DATAPATH|dataBreg[0]   ;
; datapath:DATAPATH|dataAreg[1]                  ; Merged with datapath:DATAPATH|dataBreg[0]   ;
; datapath:DATAPATH|dataBreg[1]                  ; Merged with datapath:DATAPATH|dataBreg[0]   ;
; datapath:DATAPATH|dataAreg[3]                  ; Merged with datapath:DATAPATH|dataBreg[0]   ;
; datapath:DATAPATH|dataBreg[5,7]                ; Merged with datapath:DATAPATH|dataBreg[0]   ;
; datapath:DATAPATH|dataAreg[5]                  ; Merged with datapath:DATAPATH|dataBreg[0]   ;
; datapath:DATAPATH|dataBreg[2,6]                ; Merged with datapath:DATAPATH|dataBreg[0]   ;
; datapath:DATAPATH|dataAreg[6]                  ; Merged with datapath:DATAPATH|dataBreg[0]   ;
; datapath:DATAPATH|dataBreg[0]                  ; Stuck at GND due to stuck port data_in      ;
; reg_HEX:H0|display[0..5]                       ; Stuck at GND due to stuck port data_in      ;
; reg_HEX:H0|display[6]                          ; Stuck at VCC due to stuck port data_in      ;
; reg_HEX:H1|display[0..5]                       ; Stuck at GND due to stuck port data_in      ;
; reg_HEX:H1|display[6]                          ; Stuck at VCC due to stuck port data_in      ;
; reg_HEX:H2|display[0..5]                       ; Stuck at GND due to stuck port data_in      ;
; reg_HEX:H2|display[6]                          ; Stuck at VCC due to stuck port data_in      ;
; reg_HEX:H3|display[0..5]                       ; Stuck at GND due to stuck port data_in      ;
; reg_HEX:H3|display[6]                          ; Stuck at VCC due to stuck port data_in      ;
; Total Number of Removed Registers = 138        ;                                             ;
+------------------------------------------------+---------------------------------------------+


+-------------------------------------------------------------------------------------------------------------------------------------------------------+
; Removed Registers Triggering Further Register Optimizations                                                                                           ;
+--------------------------------+--------------------------------+-------------------------------------------------------------------------------------+
; Register name                  ; Reason for Removal             ; Registers Removed due to This Register                                              ;
+--------------------------------+--------------------------------+-------------------------------------------------------------------------------------+
; datapath:DATAPATH|dataBreg[0]  ; Stuck at GND                   ; reg_HEX:H0|display[0], reg_HEX:H0|display[1], reg_HEX:H0|display[2],                ;
;                                ; due to stuck port data_in      ; reg_HEX:H0|display[3], reg_HEX:H0|display[4], reg_HEX:H0|display[5],                ;
;                                ;                                ; reg_HEX:H0|display[6], reg_HEX:H1|display[0], reg_HEX:H1|display[1],                ;
;                                ;                                ; reg_HEX:H1|display[2], reg_HEX:H1|display[3], reg_HEX:H1|display[4],                ;
;                                ;                                ; reg_HEX:H1|display[5], reg_HEX:H1|display[6], reg_HEX:H2|display[0],                ;
;                                ;                                ; reg_HEX:H2|display[1], reg_HEX:H2|display[2], reg_HEX:H2|display[3],                ;
;                                ;                                ; reg_HEX:H2|display[4], reg_HEX:H2|display[5], reg_HEX:H2|display[6],                ;
;                                ;                                ; reg_HEX:H3|display[0], reg_HEX:H3|display[1], reg_HEX:H3|display[2],                ;
;                                ;                                ; reg_HEX:H3|display[3], reg_HEX:H3|display[4], reg_HEX:H3|display[5],                ;
;                                ;                                ; reg_HEX:H3|display[6]                                                               ;
; datapath:DATAPATH|ALUoutReg[2] ; Stuck at GND                   ; datapath:DATAPATH|MDRout[2], datapath:DATAPATH|register_file:RF|r0[2],              ;
;                                ; due to stuck port clock_enable ; datapath:DATAPATH|register_file:RF|r1[2], datapath:DATAPATH|register_file:RF|r2[2], ;
;                                ;                                ; datapath:DATAPATH|register_file:RF|r3[2], reg_HEX:H4|display[0],                    ;
;                                ;                                ; reg_HEX:H4|display[1], reg_HEX:H4|display[2], reg_HEX:H4|display[3],                ;
;                                ;                                ; reg_HEX:H4|display[4], reg_HEX:H4|display[5], reg_HEX:H4|display[6],                ;
;                                ;                                ; datapath:DATAPATH|memory:Memory|Data_out[2]                                         ;
; datapath:DATAPATH|ALUoutReg[4] ; Stuck at GND                   ; datapath:DATAPATH|register_file:RF|r0[4], datapath:DATAPATH|register_file:RF|r1[4], ;
;                                ; due to stuck port clock_enable ; datapath:DATAPATH|register_file:RF|r2[4], datapath:DATAPATH|register_file:RF|r3[4], ;
;                                ;                                ; reg_HEX:H5|display[0], reg_HEX:H5|display[1], reg_HEX:H5|display[2],                ;
;                                ;                                ; reg_HEX:H5|display[3], reg_HEX:H5|display[4], reg_HEX:H5|display[5],                ;
;                                ;                                ; reg_HEX:H5|display[6]                                                               ;
; datapath:DATAPATH|ALUoutReg[1] ; Stuck at GND                   ; datapath:DATAPATH|MDRout[1], datapath:DATAPATH|register_file:RF|r0[1],              ;
;                                ; due to stuck port clock_enable ; datapath:DATAPATH|register_file:RF|r1[1], datapath:DATAPATH|register_file:RF|r2[1], ;
;                                ;                                ; datapath:DATAPATH|register_file:RF|r3[1],                                           ;
;                                ;                                ; datapath:DATAPATH|memory:Memory|Data_out[1]                                         ;
; datapath:DATAPATH|MDRout[0]    ; Stuck at GND                   ; datapath:DATAPATH|register_file:RF|r0[0], datapath:DATAPATH|register_file:RF|r1[0], ;
;                                ; due to stuck port clock_enable ; datapath:DATAPATH|register_file:RF|r2[0], datapath:DATAPATH|register_file:RF|r3[0], ;
;                                ;                                ; datapath:DATAPATH|memory:Memory|Data_out[0]                                         ;
; datapath:DATAPATH|ALUoutReg[3] ; Stuck at GND                   ; datapath:DATAPATH|register_file:RF|r0[3], datapath:DATAPATH|register_file:RF|r1[3], ;
;                                ; due to stuck port clock_enable ; datapath:DATAPATH|register_file:RF|r2[3], datapath:DATAPATH|register_file:RF|r3[3]  ;
; datapath:DATAPATH|ALUoutReg[5] ; Stuck at GND                   ; datapath:DATAPATH|register_file:RF|r0[5], datapath:DATAPATH|register_file:RF|r1[5], ;
;                                ; due to stuck port clock_enable ; datapath:DATAPATH|register_file:RF|r2[5], datapath:DATAPATH|register_file:RF|r3[5]  ;
; datapath:DATAPATH|ALUoutReg[6] ; Stuck at GND                   ; datapath:DATAPATH|register_file:RF|r1[6], datapath:DATAPATH|register_file:RF|r2[6], ;
;                                ; due to stuck port clock_enable ; datapath:DATAPATH|register_file:RF|r3[6]                                            ;
; datapath:DATAPATH|ALUoutReg[7] ; Stuck at GND                   ; datapath:DATAPATH|register_file:RF|r1[7], datapath:DATAPATH|register_file:RF|r2[7], ;
;                                ; due to stuck port clock_enable ; datapath:DATAPATH|register_file:RF|r3[7]                                            ;
; reg_LED:REGLED|LEDR[6]         ; Stuck at GND                   ; reg_LED:REGLED|LEDR[0]                                                              ;
;                                ; due to stuck port data_in      ;                                                                                     ;
; reg_LED:REGLED|LEDR[8]         ; Stuck at GND                   ; reg_LED:REGLED|LEDR[1]                                                              ;
;                                ; due to stuck port data_in      ;                                                                                     ;
; datapath:DATAPATH|MDRout[7]    ; Lost Fanouts                   ; datapath:DATAPATH|memory:Memory|Data_out[7]                                         ;
; datapath:DATAPATH|MDRout[6]    ; Lost Fanouts                   ; datapath:DATAPATH|memory:Memory|Data_out[6]                                         ;
; datapath:DATAPATH|MDRout[5]    ; Lost Fanouts                   ; datapath:DATAPATH|memory:Memory|Data_out[5]                                         ;
; datapath:DATAPATH|MDRout[4]    ; Lost Fanouts                   ; datapath:DATAPATH|memory:Memory|Data_out[4]                                         ;
; datapath:DATAPATH|MDRout[3]    ; Lost Fanouts                   ; datapath:DATAPATH|memory:Memory|Data_out[3]                                         ;
+--------------------------------+--------------------------------+-------------------------------------------------------------------------------------+


+------------------------------------------------------+
; General Register Statistics                          ;
+----------------------------------------------+-------+
; Statistic                                    ; Value ;
+----------------------------------------------+-------+
; Total registers                              ; 0     ;
; Number of registers using Synchronous Clear  ; 0     ;
; Number of registers using Synchronous Load   ; 0     ;
; Number of registers using Asynchronous Clear ; 0     ;
; Number of registers using Asynchronous Load  ; 0     ;
; Number of registers using Clock Enable       ; 0     ;
; Number of registers using Preset             ; 0     ;
+----------------------------------------------+-------+


+------------------------------------------------------------------------------+
; Parameter Settings for User Entity Instance: datapath:DATAPATH|memory:Memory ;
+----------------+------------------+------------------------------------------+
; Parameter Name ; Value            ; Type                                     ;
+----------------+------------------+------------------------------------------+
; INIT_FILE      ; machine_code.txt ; String                                   ;
+----------------+------------------+------------------------------------------+
Note: In order to hide this table in the UI and the text report file, please set the "Show Parameter Settings in Synthesis Report" option in "Analysis and Synthesis Settings -> More Settings" to "Off".


+---------------------------------------------------------------------------------+
; Parameter Settings for User Entity Instance: datapath:DATAPATH|register_file:RF ;
+----------------+-------+--------------------------------------------------------+
; Parameter Name ; Value ; Type                                                   ;
+----------------+-------+--------------------------------------------------------+
; R0             ; 00    ; Unsigned Binary                                        ;
; R1             ; 01    ; Unsigned Binary                                        ;
; R2             ; 10    ; Unsigned Binary                                        ;
; R3             ; 11    ; Unsigned Binary                                        ;
+----------------+-------+--------------------------------------------------------+
Note: In order to hide this table in the UI and the text report file, please set the "Show Parameter Settings in Synthesis Report" option in "Analysis and Synthesis Settings -> More Settings" to "Off".


+-------------------------------------------------------------------------+
; Parameter Settings for User Entity Instance: datapath:DATAPATH|ALU:ALUx ;
+----------------+-------+------------------------------------------------+
; Parameter Name ; Value ; Type                                           ;
+----------------+-------+------------------------------------------------+
; ADD            ; 000   ; Unsigned Binary                                ;
; SUB            ; 001   ; Unsigned Binary                                ;
; OR             ; 010   ; Unsigned Binary                                ;
; NAND           ; 011   ; Unsigned Binary                                ;
; ShiftLeft      ; 100   ; Unsigned Binary                                ;
; ShiftRight     ; 101   ; Unsigned Binary                                ;
+----------------+-------+------------------------------------------------+
Note: In order to hide this table in the UI and the text report file, please set the "Show Parameter Settings in Synthesis Report" option in "Analysis and Synthesis Settings -> More Settings" to "Off".


+--------------------------------------------+
; Port Connectivity Checks: "reg_LED:REGLED" ;
+---------+-------+----------+---------------+
; Port    ; Type  ; Severity ; Details       ;
+---------+-------+----------+---------------+
; Q[9..2] ; Input ; Info     ; Stuck at GND  ;
+---------+-------+----------+---------------+


+------------------------------------------------------------------------------------------------------------------+
; Port Connectivity Checks: "datapath:DATAPATH"                                                                    ;
+--------+--------+----------+-------------------------------------------------------------------------------------+
; Port   ; Type   ; Severity ; Details                                                                             ;
+--------+--------+----------+-------------------------------------------------------------------------------------+
; OpCode ; Output ; Info     ; Connected to dangling logic. Logic that only feeds a dangling port will be removed. ;
+--------+--------+----------+-------------------------------------------------------------------------------------+


+-----------------------------------------------------+
; Post-Synthesis Netlist Statistics for Top Partition ;
+-----------------------+-----------------------------+
; Type                  ; Count                       ;
+-----------------------+-----------------------------+
; boundary_port         ; 65                          ;
; cycloneiii_lcell_comb ; 2                           ;
;     normal            ; 2                           ;
;         0 data inputs ; 2                           ;
;                       ;                             ;
; Max LUT depth         ; 0.00                        ;
; Average LUT depth     ; 0.00                        ;
+-----------------------+-----------------------------+


+-------------------------------+
; Elapsed Time Per Partition    ;
+----------------+--------------+
; Partition Name ; Elapsed Time ;
+----------------+--------------+
; Top            ; 00:00:00     ;
+----------------+--------------+


+-------------------------------+
; Analysis & Synthesis Messages ;
+-------------------------------+
Info: *******************************************************************
Info: Running Quartus Prime Analysis & Synthesis
    Info: Version 24.1std.0 Build 1077 03/04/2025 SC Lite Edition
    Info: Processing started: Sun Mar 30 22:10:29 2025
Info: Command: quartus_map --read_settings_files=on --write_settings_files=off processor -c processor
Warning (18236): Number of processors has not been specified which may cause overloading on shared machines.  Set the global assignment NUM_PARALLEL_PROCESSORS in your QSF to an appropriate value for best performance.
Info (20030): Parallel compilation is enabled and will use 14 of the 14 processors detected
Info (12021): Found 3 design units, including 3 entities, in source file processor.v
    Info (12023): Found entity 1: processor File: C:/Projects/DE10-Lite-Projects/SimProc/processor.v Line: 1
    Info (12023): Found entity 2: reg_LED File: C:/Projects/DE10-Lite-Projects/SimProc/processor.v Line: 52
    Info (12023): Found entity 3: reg_HEX File: C:/Projects/DE10-Lite-Projects/SimProc/processor.v Line: 61
Warning (10236): Verilog HDL Implicit Net warning at processor.v(32): created implicit net for "MDRload" File: C:/Projects/DE10-Lite-Projects/SimProc/processor.v Line: 32
Info (12127): Elaborating entity "processor" for the top level hierarchy
Warning (12125): Using design file datapath.v, which is not specified as a design file for the current project, but contains definitions for 1 design units and 1 entities in project
    Info (12023): Found entity 1: datapath File: C:/Projects/DE10-Lite-Projects/SimProc/datapath.v Line: 1
Info (12128): Elaborating entity "datapath" for hierarchy "datapath:DATAPATH" File: C:/Projects/DE10-Lite-Projects/SimProc/processor.v Line: 35
Warning (10036): Verilog HDL or VHDL warning at datapath.v(34): object "muxA" assigned a value but never read File: C:/Projects/DE10-Lite-Projects/SimProc/datapath.v Line: 34
Warning (10036): Verilog HDL or VHDL warning at datapath.v(34): object "muxB" assigned a value but never read File: C:/Projects/DE10-Lite-Projects/SimProc/datapath.v Line: 34
Warning (12125): Using design file pc.v, which is not specified as a design file for the current project, but contains definitions for 1 design units and 1 entities in project
    Info (12023): Found entity 1: PC File: C:/Projects/DE10-Lite-Projects/SimProc/pc.v Line: 1
Info (12128): Elaborating entity "PC" for hierarchy "datapath:DATAPATH|PC:progCount" File: C:/Projects/DE10-Lite-Projects/SimProc/datapath.v Line: 43
Warning (12125): Using design file memory.v, which is not specified as a design file for the current project, but contains definitions for 1 design units and 1 entities in project
    Info (12023): Found entity 1: memory File: C:/Projects/DE10-Lite-Projects/SimProc/memory.v Line: 1
Info (12128): Elaborating entity "memory" for hierarchy "datapath:DATAPATH|memory:Memory" File: C:/Projects/DE10-Lite-Projects/SimProc/datapath.v Line: 57
Warning (10850): Verilog HDL warning at memory.v(17): number of words (9) in memory file does not match the number of elements in the address range [0:255] File: C:/Projects/DE10-Lite-Projects/SimProc/memory.v Line: 17
Warning (12125): Using design file register_file.v, which is not specified as a design file for the current project, but contains definitions for 1 design units and 1 entities in project
    Info (12023): Found entity 1: register_file File: C:/Projects/DE10-Lite-Projects/SimProc/register_file.v Line: 1
Info (12128): Elaborating entity "register_file" for hierarchy "datapath:DATAPATH|register_file:RF" File: C:/Projects/DE10-Lite-Projects/SimProc/datapath.v Line: 81
Warning (12125): Using design file alu.v, which is not specified as a design file for the current project, but contains definitions for 1 design units and 1 entities in project
    Info (12023): Found entity 1: ALU File: C:/Projects/DE10-Lite-Projects/SimProc/alu.v Line: 1
Info (12128): Elaborating entity "ALU" for hierarchy "datapath:DATAPATH|ALU:ALUx" File: C:/Projects/DE10-Lite-Projects/SimProc/datapath.v Line: 109
Info (12128): Elaborating entity "reg_LED" for hierarchy "reg_LED:REGLED" File: C:/Projects/DE10-Lite-Projects/SimProc/processor.v Line: 41
Info (12128): Elaborating entity "reg_HEX" for hierarchy "reg_HEX:H5" File: C:/Projects/DE10-Lite-Projects/SimProc/processor.v Line: 43
Warning (12125): Using design file hex7seg.v, which is not specified as a design file for the current project, but contains definitions for 1 design units and 1 entities in project
    Info (12023): Found entity 1: hex7seg File: C:/Projects/DE10-Lite-Projects/SimProc/hex7seg.v Line: 1
Info (12128): Elaborating entity "hex7seg" for hierarchy "reg_HEX:H5|hex7seg:SEG" File: C:/Projects/DE10-Lite-Projects/SimProc/processor.v Line: 63
Warning (13024): Output pins are stuck at VCC or GND
    Warning (13410): Pin "HEX5[0]" is stuck at GND File: C:/Projects/DE10-Lite-Projects/SimProc/processor.v Line: 6
    Warning (13410): Pin "HEX5[1]" is stuck at GND File: C:/Projects/DE10-Lite-Projects/SimProc/processor.v Line: 6
    Warning (13410): Pin "HEX5[2]" is stuck at GND File: C:/Projects/DE10-Lite-Projects/SimProc/processor.v Line: 6
    Warning (13410): Pin "HEX5[3]" is stuck at GND File: C:/Projects/DE10-Lite-Projects/SimProc/processor.v Line: 6
    Warning (13410): Pin "HEX5[4]" is stuck at GND File: C:/Projects/DE10-Lite-Projects/SimProc/processor.v Line: 6
    Warning (13410): Pin "HEX5[5]" is stuck at GND File: C:/Projects/DE10-Lite-Projects/SimProc/processor.v Line: 6
    Warning (13410): Pin "HEX5[6]" is stuck at VCC File: C:/Projects/DE10-Lite-Projects/SimProc/processor.v Line: 6
    Warning (13410): Pin "HEX4[0]" is stuck at GND File: C:/Projects/DE10-Lite-Projects/SimProc/processor.v Line: 7
    Warning (13410): Pin "HEX4[1]" is stuck at GND File: C:/Projects/DE10-Lite-Projects/SimProc/processor.v Line: 7
    Warning (13410): Pin "HEX4[2]" is stuck at GND File: C:/Projects/DE10-Lite-Projects/SimProc/processor.v Line: 7
    Warning (13410): Pin "HEX4[3]" is stuck at GND File: C:/Projects/DE10-Lite-Projects/SimProc/processor.v Line: 7
    Warning (13410): Pin "HEX4[4]" is stuck at GND File: C:/Projects/DE10-Lite-Projects/SimProc/processor.v Line: 7
    Warning (13410): Pin "HEX4[5]" is stuck at GND File: C:/Projects/DE10-Lite-Projects/SimProc/processor.v Line: 7
    Warning (13410): Pin "HEX4[6]" is stuck at VCC File: C:/Projects/DE10-Lite-Projects/SimProc/processor.v Line: 7
    Warning (13410): Pin "HEX3[0]" is stuck at GND File: C:/Projects/DE10-Lite-Projects/SimProc/processor.v Line: 8
    Warning (13410): Pin "HEX3[1]" is stuck at GND File: C:/Projects/DE10-Lite-Projects/SimProc/processor.v Line: 8
    Warning (13410): Pin "HEX3[2]" is stuck at GND File: C:/Projects/DE10-Lite-Projects/SimProc/processor.v Line: 8
    Warning (13410): Pin "HEX3[3]" is stuck at GND File: C:/Projects/DE10-Lite-Projects/SimProc/processor.v Line: 8
    Warning (13410): Pin "HEX3[4]" is stuck at GND File: C:/Projects/DE10-Lite-Projects/SimProc/processor.v Line: 8
    Warning (13410): Pin "HEX3[5]" is stuck at GND File: C:/Projects/DE10-Lite-Projects/SimProc/processor.v Line: 8
    Warning (13410): Pin "HEX3[6]" is stuck at VCC File: C:/Projects/DE10-Lite-Projects/SimProc/processor.v Line: 8
    Warning (13410): Pin "HEX2[0]" is stuck at GND File: C:/Projects/DE10-Lite-Projects/SimProc/processor.v Line: 9
    Warning (13410): Pin "HEX2[1]" is stuck at GND File: C:/Projects/DE10-Lite-Projects/SimProc/processor.v Line: 9
    Warning (13410): Pin "HEX2[2]" is stuck at GND File: C:/Projects/DE10-Lite-Projects/SimProc/processor.v Line: 9
    Warning (13410): Pin "HEX2[3]" is stuck at GND File: C:/Projects/DE10-Lite-Projects/SimProc/processor.v Line: 9
    Warning (13410): Pin "HEX2[4]" is stuck at GND File: C:/Projects/DE10-Lite-Projects/SimProc/processor.v Line: 9
    Warning (13410): Pin "HEX2[5]" is stuck at GND File: C:/Projects/DE10-Lite-Projects/SimProc/processor.v Line: 9
    Warning (13410): Pin "HEX2[6]" is stuck at VCC File: C:/Projects/DE10-Lite-Projects/SimProc/processor.v Line: 9
    Warning (13410): Pin "HEX1[0]" is stuck at GND File: C:/Projects/DE10-Lite-Projects/SimProc/processor.v Line: 10
    Warning (13410): Pin "HEX1[1]" is stuck at GND File: C:/Projects/DE10-Lite-Projects/SimProc/processor.v Line: 10
    Warning (13410): Pin "HEX1[2]" is stuck at GND File: C:/Projects/DE10-Lite-Projects/SimProc/processor.v Line: 10
    Warning (13410): Pin "HEX1[3]" is stuck at GND File: C:/Projects/DE10-Lite-Projects/SimProc/processor.v Line: 10
    Warning (13410): Pin "HEX1[4]" is stuck at GND File: C:/Projects/DE10-Lite-Projects/SimProc/processor.v Line: 10
    Warning (13410): Pin "HEX1[5]" is stuck at GND File: C:/Projects/DE10-Lite-Projects/SimProc/processor.v Line: 10
    Warning (13410): Pin "HEX1[6]" is stuck at VCC File: C:/Projects/DE10-Lite-Projects/SimProc/processor.v Line: 10
    Warning (13410): Pin "HEX0[0]" is stuck at GND File: C:/Projects/DE10-Lite-Projects/SimProc/processor.v Line: 11
    Warning (13410): Pin "HEX0[1]" is stuck at GND File: C:/Projects/DE10-Lite-Projects/SimProc/processor.v Line: 11
    Warning (13410): Pin "HEX0[2]" is stuck at GND File: C:/Projects/DE10-Lite-Projects/SimProc/processor.v Line: 11
    Warning (13410): Pin "HEX0[3]" is stuck at GND File: C:/Projects/DE10-Lite-Projects/SimProc/processor.v Line: 11
    Warning (13410): Pin "HEX0[4]" is stuck at GND File: C:/Projects/DE10-Lite-Projects/SimProc/processor.v Line: 11
    Warning (13410): Pin "HEX0[5]" is stuck at GND File: C:/Projects/DE10-Lite-Projects/SimProc/processor.v Line: 11
    Warning (13410): Pin "HEX0[6]" is stuck at VCC File: C:/Projects/DE10-Lite-Projects/SimProc/processor.v Line: 11
    Warning (13410): Pin "LEDR[0]" is stuck at GND File: C:/Projects/DE10-Lite-Projects/SimProc/processor.v Line: 13
    Warning (13410): Pin "LEDR[1]" is stuck at GND File: C:/Projects/DE10-Lite-Projects/SimProc/processor.v Line: 13
    Warning (13410): Pin "LEDR[2]" is stuck at GND File: C:/Projects/DE10-Lite-Projects/SimProc/processor.v Line: 13
    Warning (13410): Pin "LEDR[3]" is stuck at GND File: C:/Projects/DE10-Lite-Projects/SimProc/processor.v Line: 13
    Warning (13410): Pin "LEDR[4]" is stuck at GND File: C:/Projects/DE10-Lite-Projects/SimProc/processor.v Line: 13
    Warning (13410): Pin "LEDR[5]" is stuck at GND File: C:/Projects/DE10-Lite-Projects/SimProc/processor.v Line: 13
    Warning (13410): Pin "LEDR[6]" is stuck at GND File: C:/Projects/DE10-Lite-Projects/SimProc/processor.v Line: 13
    Warning (13410): Pin "LEDR[7]" is stuck at GND File: C:/Projects/DE10-Lite-Projects/SimProc/processor.v Line: 13
    Warning (13410): Pin "LEDR[8]" is stuck at GND File: C:/Projects/DE10-Lite-Projects/SimProc/processor.v Line: 13
    Warning (13410): Pin "LEDR[9]" is stuck at GND File: C:/Projects/DE10-Lite-Projects/SimProc/processor.v Line: 13
Info (17049): 27 registers lost all their fanouts during netlist optimizations.
Info (144001): Generated suppressed messages file C:/Projects/DE10-Lite-Projects/SimProc/output_files/processor.map.smsg
Info (16010): Generating hard_block partition "hard_block:auto_generated_inst"
    Info (16011): Adding 0 node(s), including 0 DDIO, 0 PLL, 0 transceiver and 0 LCELL
Warning (21074): Design contains 13 input pin(s) that do not drive logic
    Warning (15610): No output dependent on input pin "SW[0]" File: C:/Projects/DE10-Lite-Projects/SimProc/processor.v Line: 2
    Warning (15610): No output dependent on input pin "SW[1]" File: C:/Projects/DE10-Lite-Projects/SimProc/processor.v Line: 2
    Warning (15610): No output dependent on input pin "SW[2]" File: C:/Projects/DE10-Lite-Projects/SimProc/processor.v Line: 2
    Warning (15610): No output dependent on input pin "SW[3]" File: C:/Projects/DE10-Lite-Projects/SimProc/processor.v Line: 2
    Warning (15610): No output dependent on input pin "SW[4]" File: C:/Projects/DE10-Lite-Projects/SimProc/processor.v Line: 2
    Warning (15610): No output dependent on input pin "SW[5]" File: C:/Projects/DE10-Lite-Projects/SimProc/processor.v Line: 2
    Warning (15610): No output dependent on input pin "SW[6]" File: C:/Projects/DE10-Lite-Projects/SimProc/processor.v Line: 2
    Warning (15610): No output dependent on input pin "SW[7]" File: C:/Projects/DE10-Lite-Projects/SimProc/processor.v Line: 2
    Warning (15610): No output dependent on input pin "SW[8]" File: C:/Projects/DE10-Lite-Projects/SimProc/processor.v Line: 2
    Warning (15610): No output dependent on input pin "SW[9]" File: C:/Projects/DE10-Lite-Projects/SimProc/processor.v Line: 2
    Warning (15610): No output dependent on input pin "KEY[0]" File: C:/Projects/DE10-Lite-Projects/SimProc/processor.v Line: 3
    Warning (15610): No output dependent on input pin "KEY[1]" File: C:/Projects/DE10-Lite-Projects/SimProc/processor.v Line: 3
    Warning (15610): No output dependent on input pin "CLOCK_50" File: C:/Projects/DE10-Lite-Projects/SimProc/processor.v Line: 4
Info (21057): Implemented 65 device resources after synthesis - the final resource count might be different
    Info (21058): Implemented 13 input pins
    Info (21059): Implemented 52 output pins
Info: Quartus Prime Analysis & Synthesis was successful. 0 errors, 78 warnings
    Info: Peak virtual memory: 4757 megabytes
    Info: Processing ended: Sun Mar 30 22:10:36 2025
    Info: Elapsed time: 00:00:07
    Info: Total CPU time (on all processors): 00:00:15


+------------------------------------------+
; Analysis & Synthesis Suppressed Messages ;
+------------------------------------------+
The suppressed messages can be found in C:/Projects/DE10-Lite-Projects/SimProc/output_files/processor.map.smsg.


